{"/home/juhar/Desktop/capstone-module-two/src/__test__/ItemConter.js": {"path":"/home/juhar/Desktop/capstone-module-two/src/__test__/ItemConter.js","statementMap":{"0":{"start":{"line":1,"column":20},"end":{"line":4,"column":1}},"1":{"start":{"line":2,"column":16},"end":{"line":2,"column":66}},"2":{"start":{"line":3,"column":2},"end":{"line":3,"column":22}},"3":{"start":{"line":5,"column":0},"end":{"line":5,"column":29}}},"fnMap":{"0":{"name":"(anonymous_0)","decl":{"start":{"line":1,"column":20},"end":{"line":1,"column":21}},"loc":{"start":{"line":1,"column":26},"end":{"line":4,"column":1}},"line":1}},"branchMap":{},"s":{"0":1,"1":1,"2":1,"3":1},"f":{"0":1},"b":{},"_coverageSchema":"1a1c01bbd47fc00a2c39e90264f33305004495a9","hash":"af72403baf456706509d8bec42b3224d2d523b7c"}
,"/home/juhar/Desktop/capstone-module-two/src/__test__/templatePagel.js": {"path":"/home/juhar/Desktop/capstone-module-two/src/__test__/templatePagel.js","statementMap":{"0":{"start":{"line":1,"column":21},"end":{"line":101,"column":9}},"1":{"start":{"line":102,"column":0},"end":{"line":102,"column":30}}},"fnMap":{},"branchMap":{},"s":{"0":1,"1":1},"f":{},"b":{},"_coverageSchema":"1a1c01bbd47fc00a2c39e90264f33305004495a9","hash":"710597e1bcd68c47a451d61a8675df9579020126"}
}
